[    0.000000] Initializing cgroup subsys cpuset
[    0.000000] Initializing cgroup subsys cpu
[    0.000000] Initializing cgroup subsys cpuacct
[    0.000000] Linux version 4.4.0-143-generic (buildd@lgw01-amd64-041) (gcc version 5.4.0 20160609 (Ubuntu 5.4.0-6ubuntu1~16.04.10) ) #169-Ubntu SMP Thu Feb 7 07:56:38 UTC 2019 (Ubuntu 4.4.0-143.169-generic 4.4.170)
[   0.00000] Command line: BOOT_IMAGE=/boot/vmlinuz-4.4.0-143-generic root=LABEL=cloudimg-rootfs ro console=tty1 console=ttyS0
[    0.000000] KERNEL supported cpus:
[    0.000000]   Intel GenuineIntel
[    0.0000]   AMD AuthenticAMD
[    0.000000]   Centaur CentaurHauls
[    0.000000] x86/fpu: xstate_offset[2]:  576, xstate_sizes[2]:  256
[    0.000000] x86/fpu: Supporting XSAVE feature 0x01: 'x87 floating point registers'
[    0.000000] x86/fpu: Supporting XSAVE feature 0x02: 'SSE registers'
[    0.000000] x86/fpu: Supporting XSAVE feature 0x04: 'AVX registers'
[    0.000000] x86/fpu: Enabled xstate features 0x7, context size is 832 bytes, using 'standard' format.
[    0.000000] e820: BIOS-provided physical RAM map:
[    0.000000] BIOS-e820: [mem 0x0000000000000000-0x000000000009fbff] usable
[    0.000000] BIOS-e820: [mem 0x000000000009fc00-0x000000000009ffff] reserved
[    .00000] BIOS-e820: [mem 0x00000000000f0000-0x00000000000fffff] reserved
[    0.000000] BIOS-e820: [mem 0x0000000000100000-0x000000003ffeffff] usable
[    0.000000] BIOS-e820: [mem 0x000000003fff0000-0x000000003fffffff] ACPI data
[    0.000000] BIOS-e820: [mem 0x00000000fec00000-0x00000000fec00fff] reserved
[    0.000000] BIOS-e820: [mem 0x00000000fee00000-0x00000000fee00fff] reserved
[    0.000000] BIOS-e820: [mem 0x00000000fffc0000-0x00000000ffffffff] reserved
[    0.000000] NX (Execute Disable) protection: active
[    0.000000] SMBIOS 2.5 present.
[    0.000000] Hypervisor detected: KVM
[    0.000000] e820: last_pfn = 0x3fff0 max_arch_pfn = 0x400000000
[    0.000000] MTRR: Disabled
[    0.000000] x86/PAT: MTRRs disabled, skipping PAT initialization too.
[    0.000000] CPU MTRRs all blank - virtualized system.
[    0.000000] x86/PAT: Configuration [0-7]: WB  WT  UC- UC  WB  WT  UC- UC  
[    0.000000] found SMP MP-table at [mem 0x0009fff0-0x0009ffff] mapped at [ffff88000009fff0]
[    0.000000] Scanning 1 areas for low memory corruption
[    0.000000] RAMDISK: [mem 0x362fa000-0x37174fff]
[    0.000000] ACPI: Early table checksum verification disabled
[    0.000000] ACPI: RSDP 0x00000000000E0000 00002(v02 VBOX  )
[    0.000000] ACPI: XSDT 0x000000003FFF0030 00003C (v01 VBOX   VBOXXSDT 00000001 ASL  00000061)
[    0.000000] ACPI: FACP 0x000000003FFF00F0 0000F4 (v04 VBOX   VBOXFACP 00000001 ASL  00000061)
[    0.000000] ACPI: DSDT 0x000000003FFF0470 0021FF (v02 VBOX   VBOXBIOS 00000002 INTL 20180105)
[    0.000000] ACPI: FACS 0x000000003FFF0200 000040
[    0.000000] ACPI: FACS 0x000000003FFF0200 000040
[    0.000000] ACPI: APIC 0x000000003FFF0240 00005C (v02 VBOX   VBOXAPIC 00000001 ASL  00000061)
[  0.000000] ACPI: SSDT 0x000000003FFF02A0 0001CC (v01 VBOX   VBOOXCPUT 00000002 INTL 20180105)
[    0.000000] No NUMA configuration found
[    0.000000] Faking a node at [mem 0x0000000000000000-0x000000003ffeffff]
[    0.000000] NODE_DATA(0) allocated [mem 0x3ffeb000-0x3ffeffff]
[    0.000000] kvm-clock: Using msrs 4b564d01 and 4b564d00
[    0.000000] kvm-clock: cpu 0, msr 0:3ffe3001, primary cpu clock
[    0.000000] kvm-clock: using sched offset of 4020411567 cycles
[    0.000000] clocksource: kvm-clock: mask: 0xffffffffffffffff max_cycles: 0x1cd42e4dffb, max_idle_ns: 881590591483 ns
[    0.000000] Zone ranges:
[    0.000000]   DMA      [mem 0x0000000000001000-0x0000000000ffffff]
[    0.000000]   DMA32    [mem 0x0000000001000000-0x000000003ffeffff]
[    0.000000]   Normal   empty
[    0.000000]   Device   empty
[    0.000000] Movable zone start for each node
[    0.000000] Early memory node ranges
[    0.000000]   node   0: [mem 0x0000000000001000-0x000000000009efff]
[    0.000000]   node   0: [mem 0x0000000000100000-0x000000003ffeffff]
[    0.000000] Initmem setup node 0 [mem 0x0000000000001000-0x000000003ffeffff]
[    0.000000] ACPI: PM-Timer IO Port: 0x4008
[    0.000000] IOAPIC[0]: apic_id 2, version 32, address 0xfec00000, GSI 0-23
[    0.000000] ACPI: INT_SRC_OVR (bus 0 bus_irq 0 global_irq 2 dfl dfl)
[    0.000000] ACPI: INT_SRC_OVR (bus 0 bus_irq 9 global_irq 9 low level)
[    0.000000] Using ACPI (MADT) for SMP configuration information
[    0.000000] smpboot: Allowing 2 CPUs, 0 hotplug CPUs
[    0.000000] PM: Registered nosave memory: [mem 0x00000000-0x00000fff]
[    0.000000] PM: Registered nosave memory: [mem 0x0009f000-0x0009ffff]
[    0.000000] PM: Registered nosave memory: [mem 0x000a0000-0x000effff]
[    0.000000] PM: Registered nosave memory: [mem 0x000f0000-0x000fffff]
[    0.000000] e820: [mem 0x40000000-0xfebfffff] available for PCI devices
[    0.000000] Booting paravirtualized kernel on KVM
[    0.000000] clocksource: refined-jiffies: mask: 0xffffffff max_cycles: 0xffffffff, max_idle_ns: 7645519600211568 ns
[    0.000000] setup_percpu: NR_CPUS:512 nr_cpumask_bits:512 nr_cpu_ids:2 nr_node_ids:1
[    0.000000] PERCPU: mbedded 34 pages/cpu @ffff88003fc00000 s99480 r8192 d31592 u1048576
[    0.000000] Built 1 zonelists in Node order, mobility gouping on.  Total pages: 257912
[    0.000000] Policy zone: DMA32
[    0.000000] Kernel command line: BOOT_IMAGE=/boot/vmlinuz-4.4.0-143-generic root=LABEL=cloudimg-rootfs ro console=tty1 console=ttyS0
[    0.000000] PID hash table entries: 4096 (order: 3, 32768 bytes)
[    0.000000] Memory: 997704K/1048120K available (8608K kernel code, 1332K rwdata, 4008K rodata, 1484K init, 1316K bss, 50416K reserved, 0K cma-reserved)
[    0.000000] SLUB: HWalign=64, Order=0-3, MinObjects=0, CPUs=2, Nodes=1
[    0.000000] Kernel/User page tables isolation: enabled
[    0.000000] Hierarchical RCU implementation.
[    0.000000] 	Build-time adjustment of leaf fanout to 64.
[    0.000000] 	RCU restricting CPUs from NR_CPUS=512 to nr_cpu_ids=2.
[   .000000] RCU: Adjusting geometry for rcu_fanout_leaf=64, n_cu_ids=2
[    0.000000] NR_IRQS:33024 nr_irqs:440 16
[    0.000000] Console: colour VGA+ 80x25
[    0.000000] console [tty1] enabled
[    0.000000] console [ttyS0] enabled
[    0.000000] tsc: Detected 1696.096 MHz processor
[    0.827336] Calibrating delay loop (skipped) preset value.. 3392.19 BogoMIPS (lpj=6784384)
[    0.830430] pid_max: default: 32768 minimum: 301
[    0.832036] ACPI: Core revision 20150930
[    0.835123] ACPI: 2 ACPI AML tables successfully acquired and loaded
[    0.837477] Security Framework initialize
[    0.866686] Yama: becoming mindful.
[    0.868100] AppArmor: AppArmor initialized
[    0.869821] Dentry cache hash table entries: 131072 (order: 8, 1048576 bytes)
[    0.873350] Inode-cache hash table entries: 65536 (order: 7, 524288 bytes)
[    0.880775] Mount-cache hash table entries: 2048 (order: 2, 16384 bytes)
[    0.882650] Mountpoint-cache hash table entries: 2048 (order: 2, 16384 bytes)
[    0.884857] Initializing cgroup subsys io
[    0.886296] Initializing cgroup subsys memory
[    0.887722] Initializing cgroup subsys devices
[    0.889395] Initializing cgroup subsys freezer
[    0.896250] Initializing cgroup subsys net_cls
[    0.897664] Initializing cgroup subsys perf_event
[    0.899118] Initializing cgroup subsys net_prio
[    0.900669] Initializing cgroup subsys hugetlb
[    0.902084] Initializing cgroup subsys pids
[    0.904777] mce: CPU supports 0 MCE banks
[    0.911518] Last level iTLB entries: 4KB 1024, 2MB 1024, 4MB 1024
[    0.918921] Last level dTLB entries: 4KB 1024, 2MB 1024, 4MB 1024, 1GB 4
[    0.926676] Spectre V2 : Mitigation: Full generic retpoline
[    0.928636] Spectre V2 : Spectre v2 / SpectreRSB mitigation: Filling RSB on context switch
[    0.931233] Speculative Store Bypass: Vulnerable
[    0.936486] Freeing SMP alternatives memory: 32K
[    0.946029] ftrace: allocating 32278 entries in 127 pages
[    1.034345] smpboot: APIC(0) Converting physical 0 to logical package 0
[    1.041509] smpboot: Max logical packages: 1
[    1.043386] x2apic enabled
[    1.044962] Switched APIC routing to physical x2apic.
[    1.049561] ..TIMER: vector=0x30 apic1=0 pin1=2 apic2=-1 pin2=-1
[    1.161849] smpboot: CPU0: Intel(R) Core(TM) i3-4005U CPU @ 1.70GHz (family: 0x6, model: 0x45, stepping: 0x1)
[    1.171631] Performance Events: unsupported p6 CPU model 69 no PMU driver, software events only.
[    1.193067] KVM setup paravirtual spinlock
[    1.201342] x86: Booting SMP configuration:
[    1.203312] .... node  #0, CPUs:      #1
[    1.207318] kvm-clock: cpu 1, msr 0:3ffe3041, secondary cpu clock
[    1.223587] mce: CPU supports 0 MCE banks
[    1.228099] x86: Booted up 1 node, 2 CPUs
[    1.229997] smpboot: Total of 2 processors activated (6784.38 BogoMIPS)
[    1.232708] devtmpfs: initialized
[    1.236198] evm: security.selinux
[    1.238647] evm: security.SMACK64
[    1.240097] evm: security.SMACK64EXEC
[    1.241425] evm: security.SMACK64TRANSMUTE
[    1.243886] evm: security.SMACK64MMAP
[    1.245147] evm: security.ima
[    1.246448] evm: security.capability
[    1.248248] clocksource: jiffies: mask: 0xffffffff max_cycles: 0xffffffff, max_idle_ns: 7645041785100000 ns
[    1.256618] futex hash table entries: 512 (order: 3, 32768 bytes)
[    1.261922] pinctrl core: initialized pinctrl subsystem
[    1.265481] RTC time: 17:07:46, date: 04/17/19
[    1.267805] NET: Registered protocol family 16
[    1.277486] cpuidle: using governor ladder
[    1.295371] cpuidle: using governor menu
[    1.305193] PCCT header not found.
[    1.307628] ACPI: bus type PCI registered
[    1.309837] acpiphp: ACPI Hot Plug PCI Controller Driver version: 0.5
[    1.318634] PCI: Using configuration type 1 for base access
[    1.343462] ACPI: Added _OSI(Module Device)
[    1.353129] ACPI: Added _OSI(Processor Device)
[    1.355435] ACPI: Added _OSI(3.0 _SCP Extensions)
[    1.362441] ACPI: Added _OSI(Processor Aggregator Device)
[    1.375985] ACPI: Executed 1 blocks of module-level executable AML code
[    1.381822] ACPI: Interpreter enabled
[    1.383119] ACPI: (supports S0 S5)
[    1.385723] ACPI: Using IOAPIC for interrupt routing
[    1.387591] PCI: Using host bridge windows from ACPI; if necessary, use "pci=nocrs" and report a bug
[    1.402127] ACPI: PCI Root Bridge [PCI0] (domain 0000 [bus 00-ff])
[    1.403882] acpi PNP0A03:00: _OSC: OS supports [ASPM ClockPM Segments MSI]
[    1.405882] acpi PNP0A03:00: _OSC: not requesting OS control; OS requires [ExtendedConfig ASPM ClockPM MSI]
[    1.415092] acpi PNP0A03:00: fail to add MMCONFIG information, can't access extended PCI configuration space under this bridge.
[    1.418763] PCI host bridge to bus 0000:00
[    1.429416] pci_bus 0000:00: root bus resource [io  0x0000-0x0cf7 window]
[    1.433270] pci_bus 0000:00: root bus resource [io  0x0d00-0xffff window]
[    1.449536] pci_bus 0000:00: root bus resource [mem 0x000a0000-0x000bffff window]
[    1.451867] pci_bus 0000:00: root bus resource [mem 0x40000000-0xfdffffff window]
[    1.454837] pci_bus 0000:00: root bus resource [bus 00-ff]
[    1.459565] pci 0000:00:01.1: legacy IDE quirk: reg 0x10: [io  0x01f0-0x01f7]
[    1.463243] pci 0000:00:01.1: legacy IDE quirk: reg 0x14: [io  0x03f6]
[    1.465618] pci 0000:00:01.1: legacy IDE quirk: reg 0x18: [io  0x0170-0x0177]
[    1.468179] pci 0000:00:01.1: legacy IDE quirk: reg 0x1c: [io  0x0376]
[    1.504587] pci 0000:00:07.0: quirk: [io  0x4000-0x403f] claimed by PIIX4 ACPI
[    1.515603] pci 0000:00:07.0: quirk: [io  0x4100-0x410f] claimed by PIIX4 SMB
[    1.554311] ACPI: PCI Interrupt Link [LNKA] (IRQs 5 9 10 *11)
[    1.559439] ACPI: PCI Interrupt Link [LNKB] (IRQs 5 9 *10 11)
[    1.562467] ACPI: PCI Interrupt Link [LNKC] (IRQs 5 *9 10 11)
[    1.565336] ACPI: PCI Interrupt Link [LNKD] (IRQs 5 9 10 *11)
[    1.580210] ACPI: Enabled 2 GPEs in block 00 to 07
[    1.583154] vgaarb: setting as boot device: PCI:0000:00:02.0
[    1.585375] vgaarb: device added: PCI:0000:00:02.0,decodes=io+mem,owns=io+mem,locks=none
[    1.588771] vgaarb: loaded
[    1.590221] vgaarb: bridge control possible 0000:00:02.0
[    1.592882] SCSI subsystem initialized
[    1.599906] ACPI: bus type USB registered
[    1.601970] usbcore: registered new interface driver usbfs
[    1.604317] usbcore: registered new interface driver hub
[    1.606262] usbcore: registered new device driver usb
[    1.609554] PCI: Using ACPI for IRQ routing
[    1.611638] NetLabel: Initializing
[    1.618346] NetLabel:  domain hash size = 128
[    1.623084] NetLabel:  protocols = UNLABELED CIPSOv4
[    1.630116] NetLabel:  unlabeled traffic allowed by default
[    1.635311] amd_nb: Cannot enumerate AMD northbridges
[    1.637430] clocksource: Switched to clocksource kvm-clock
[    1.655191] AppArmor: AppArmor Filesystem Enabled
[    1.662568] pnp: PnP ACPI init
[    1.665212] pnp: PnP ACPI: foun3 devices

[    1.751162] clocksource: acpi_pm: mask: 0xffffff max_cycles: 0xffffff, max_idle_ns: 2085701024 ns
[    1.754220] NET: Registered protocol family 2
[    1.756877] TCP established has tle entries: 892 (order: 4, 65536 bytes)
[    1.895319] TCP bind hash table entries: 8192 (order: 5, 131072 bytes)
[    1.897457] TCP: Hash tables configured (esablished 8192 bind 8192)
[    1.930522] UDP hash table entries: 512 (order: 2, 16384 bytes)
[    1.932579] UDP-Lite hash table entries: 512 (order: 2, 16384 byts)
[    1.965410] NET: Registered protocol family 1
[    1.972344] pci 0000:00:00.0: Limiting direct PCI/PCI trsfers
[    2.035694] pci 0000:00:01.0: Activating ISA DMA hang workarounds
[    2.037996] Unpacking initramfs...

[    2.406600] Freeing initrd memory: 14828K
[    2.414876] RAPL PMU detected, API unit is 2^-32 Joules, 4 fixed counters 10737418240 ms ovfl timer
[    2.417579] hw unit of domain pp0-core 2^-0 Joules
[    2.419192] hw unit of domain package 2^-0 Joules
[    2.421110] hw unit of domain dram 2^-0 Joules
[    2.424436] hw unit of domain pp1-gpu 2^-0 Joules
[    2.426079] platform rtc_cmos: registered platform RTC device (no PNP device found)
[    2.442139] Scanning for low memory corruption every 60 seconds
[    2.444701] audit: initializing netlink subsys (disabled)
[    2.455314] audit: type=2000 audit(1555520871.506:1): initialized
[    2.457589] Initialise system trusted keyring
[    2.485168] HugeTLB registered 2 MB page size, pre-allocated 0 pages
[    2.507637] zbud: loaded
[    2.509356] VFS: Disk quotas dquot_6.6.0
[    2.510910] VFS: Dquot-cache hash table entries: 512 (order 0, 4096 bytes)
[    2.513576] squashfs: version 4.0 (2009/01/31) Phillip Lougher
[    2.516113] fuse init (API version 7.23)
[    2.517824] Key type big_key registered
[    2.519470] Allocating IMA MOK and blacklist keyrings.
[    2.525408] Key type asymmetric registered
[    2.526957] Asymmetric key parser 'x509' registered
[    2.528713] Block layer SCSI generic (bsg) driver version 0.4 loaded (major 249)
[    2.531325] io scheduler noop registered
[    2.532594] io scheduler deadline registered (default)
[    2.534232] io scheduler cfq registered
[    2.535711] pci_hotplug: PCI Hot Plug PCI Core version: 0.5
[    2.537382] pciehp: PCI Express Hot Plug Controller Driver version: 0.4
[    2.548860] ACPI: AC Adapter [AC] (on-line)
[    2.550827] input: Power Button as /devices/LNXSYSTM:00/LNXPWRBN:00/input/input0
[    2.553828] ACPI: Power Button [PWRF]
[    2.555661] input: Sleep Button as /devices/LNXSYSTM:00/LNXSLPBN:00/input/input1
[    2.558556] ACPI: Sleep Button [SLPF]
[    2.561285] ACPI: Battery Slot [BAT0] (battery present)
[    2.563160] GHES: HEST is not enabled!
[    2.570050] Serial: 8250/16550 driver, 32 ports, IRQ sharing enabled
[    2.595435] 00:02: ttyS0 at I/O 0x3f8 (irq = 4, base_baud = 115200) is a 16550A
[    2.599934] Linux agpgart interface v0.103
[    2.604043] loop: module loaded
[    2.606380] scsi host0: ata_piix
[    2.607873] scsi host1: ata_piix
[    2.609231] ata1: PATA max UDMA/33 cmd 0x1f0 ctl 0x3f6 bmdma 0xd000 irq 14
[    2.611603] ata2: PATA max UDMA/33 cmd 0x170 ctl 0x376 bmdma 0xd008 irq 15
[    2.614166] libphy: Fixed MDIO Bus: probed
[    2.636249] tun: Universal TUN/TAP device driver, 1.6
[    2.644137] tun: (C) 1999-2004 Max Krasnyansky <maxk@qualcomm.com>
[    2.664974] PPP generic driver version 2.4.2
[    2.669189] ehci_hcd: USB 2.0 'Enhanced' Host Controller (EHCI) Driver
[    2.706429] ehci-pci: EHCI PCI platform driver
[    2.708244] ehci-platform: EHCI generic platform driver
[    2.709866] ohci_hcd: USB 1.1 'Open' Host Controller (OHCI) Driver
[    2.711691] ohci-pci: OHCI PCI platform driver
[    2.713099] ohci-platform: OHCI generic platform driver
[    2.714754] uhci_hcd: USB Universal Host Controller Interface driver
[    2.716732] i8042: PNP: PS/2 Controller [PNP0303:PS2K,PNP0f03:PS2M] at 0x60,0x64 irq 1,12
[    2.785747] serio: i8042 KBD port at 0x60,0x64 irq 1
[    2.787552] serio: i8042 AUX port at 0x60,0x64 irq 12
[    2.789630] mousedev: PS/2 mouse device common for all mice
[    2.792211] input: AT Translated Set 2 keyboard as /devices/platform/i8042/serio0/input/input2
[    2.808649] rtc_cmos rtc_cmos: rtc core: registered rtc_cmos as rtc0
[    2.810944] rtc_cmos rtc_cmos: alarms up to one day, 114 bytes nvram
[    2.813379] i2c /dev entries driver
[    2.816588] device-mapper: uevent: version 1.0.3
[    2.829801] device-mapper: ioctl: 4.34.0-ioctl (2015-10-28) initialised: dm-devel@redhat.com
[    2.838809] ledtrig-cpu: registered to indicate activity on CPUs
[    2.847575] NET: Registered protocol family 10
[    2.851240] NET: Registered protocol family 17
[    2.853302] Key type dns_resolver registered
[    2.856251] registered taskstats version 1
[    2.858177] Loading compiled-in X.509 certificates
[    2.865237] Loaded X.509 cert 'Build time autogenerated kernel key: d03773f65dd2b75b701d4dd50cb1e8d0c07b3b6e'
[    2.885968] zswap: loaded using pool lzo/zbud
[    2.897028] Key type trusted registered
[    2.906680] Key type encrypted registered
[    2.914010] AppArmor: AppArmor sha1 policy hashing enabled
[    2.935370] ima: No TPM chip found, activating TPM-bypass!
[    2.951215] ima: Allocated hash algorithm: sha1
[    2.955930] evm: HMAC attrs: 0x1
[    2.957758]   Magic number: 15:133:138
[    2.964920] rtc_cmos rtc_cmos: setting system clock to 2019-04-17 17:07:47 UTC (1555520867)
[    2.986006] BIOS EDD facility v0.16 2004-Jun-25, 0 devices found
[    3.005575] EDD information not available.
[    3.017659] Freeing unused kernel memory: 1484K
[    3.053481] Write protecting the kernel read-only data: 14336k
[    3.369506] Freeing unused kernel memory: 1620K
[    3.371787] Freeing unused kernel memory: 88K
Loading, please wait...
starting version[    3.402525] random: systemd-udevd: uninitialized urandom read (16 bytes read, 2 bits of entropy available)
 229
[    3.404089] random: udevadm: uninitialized urandom read (16 bytes read, 2 bits of entropy available)
[    3.404139] random: udevadm: uninitialized urandom read (16 bytes read, 2 bits of entropy available)
[    3.418188] random: udevadm: uninitialized urandom read (16 bytes read, 2 bits of entropy available)
[    3.418261] random: udevadm: uninitialized urandom read (16 bytes read, 2 bits of entropy available)
[    3.418468] random: udevadm: uninitialized urandom read (16 bytes read, 2 bits of entropy available)
[    3.418543] random: udevadm: uninitialized urandom read (16 bytes read, 2 bits of entropy available)
[    3.418681] random: udevadm: uninitialized urandom read (16 bytes read, 2 bits of entropy available)
[    3.418759] random: udevadm: uninitialized urandom read (16 bytes read, 2 bits of entropy available)
[    3.418829] random: udevadm: uninitialized urandom read (16 bytes read, 2 bits of entropy available)
[    3.430306] tsc: Refined TSC clocksource calibration: 1696.354 MHz
[    3.430309] clocksource: tsc: mask: 0xffffffffffffffff max_cycles: 0x1873b3190d0, max_idle_ns: 440795276114 ns
[    3.590168] e1000: Intel(R) PRO/1000 Network Driver - version 7.3.21-k8-NAPI
[    3.593000] e1000: Copyright (c) 1999-2006 Intel Corporation.
[    3.596196] Fusion MPT base driver 3.04.20
[    3.598052] Copyright (c) 1999-2008 LSI Corporation
[    3.617467] Fusion MPT SPI Host driver 3.04.20
[    3.672833] AVX2 version of gcm_enc/dec engaged.
[    3.681629] AES CTR mode by8 optimization enabled
[    3.863654] input: ImExPS/2 Generic Explorer Mouse as /devices/platform/i8042/serio1/input/input4
[    4.040892] e1000 0000:00:03.0 eth0: (PCI:33MHz:32-bit) 02:30:52:25:60:69
[    4.075505] e1000 0000:00:03.0 eth0: Intel(R) PRO/1000 Network Connection
[    4.094379] mptbase: ioc0: Initiating bringup
[    4.424115] ioc0: LSI53C1030 A0: Capabilities={Initiator}
[    4.807329] scsi host2: ioc0: LSI53C1030 A0, FwRev=00000000h, Ports=1, MaxQ=256, IRQ=20
[    4.964276] scsi 2:0:0:0: Direct-Access     VBOX     HARDDISK         1.0  PQ: 0 ANSI: 5
[    4.971920] scsi target2:0:0: Beginning Domain Validation
[    4.976197] scsi target2:0:0: Domain Validation skipping write tests
[    4.978047] scsi target2:0:0: Ending Domain Validation
[    4.979753] scsi target2:0:0: asynchronous
[    4.981718] scsi 2:0:1:0: Direct-Access     VBOX     HARDDISK         1.0  PQ: 0 ANSI: 5
[    4.984165] scsi target2:0:1: Beginning Domain Validation
[    5.005926] scsi target2:0:1: Domain Validation skipping write tests
[    5.015418] scsi target2:0:1: Ending Domain Validation
[    5.031202] scsi target2:0:1: asynchronous
[    5.047524] sd 2:0:0:0: Attached scsi generic sg0 type 0
[    5.056389] sd 2:0:0:0: [sda] 20971520 512-byte logical blocks: (10.7 GB/10.0 GiB)
[    5.065400] sd 2:0:0:0: [sda] Write Protect is off
[    5.073955] sd 2:0:1:0: [sdb] 20480 512-byte logical blocks: (10.5 MB/10.0 MiB)
[    5.087991] sd 2:0:1:0: Attached scsi generic sg1 type 0
[    5.091979] sd 2:0:0:0: [sda] Incomplete mode parameter data
[    5.094300] sd 2:0:0:0: [sda] Assuming drive cache: write through
[    5.103887] sd 2:0:1:0: [sdb] Write Protect is off
[    5.108489] sd 2:0:1:0: [sdb] Incomplete mode parameter data
[    5.117246] sd 2:0:1:0: [sdb] Assuming drive cache: write through
[    5.161789]  sda: sda1
[    5.165578] sd 2:0:0:0: [sda] Attached SCSI disk
[    5.186015] sd 2:0:1:0: [sdb] Attached SCSI disk
[    5.397802] e1000 0000:00:08.0 eth1: (PCI:33MHz:32-bit) 08:00:27:29:94:19
[    5.405925] e1000 0000:00:08.0 eth1: Intel(R) PRO/1000 Network Connection
[    5.446870] e1000 0000:00:03.0 enp0s3: renamed from eth0
[    5.457758] e1000 0000:00:08.0 enp0s8: renamed from eth1
Begin: Loading essential drivers ... [    6.989839] md: linear personality registered for level -1
[    6.997020] md: multipath personality registered for level -4
[    7.003715] md: raid0 personality registered for level 0
[    7.013444] md: raid1 personality registered for level 1
[    7.089489] raid6: sse2x1   gen()  5068 MB/s
[    7.161474] raid6: sse2x1   xor()  4105 MB/s
[    7.233477] raid6: sse2x2   gen()  6566 MB/s
[    7.305479] raid6: sse2x2   xor()  4488 MB/s
[    7.377484] raid6: sse2x4   gen()  7699 MB/s
[    7.449483] raid6: sse2x4   xor()  4083 MB/s
[    7.521502] raid6: avx2x1   gen()  8093 MB/s
[    7.593499] raid6: avx2x2   gen() 11827 MB/s
[    7.665485] raid6: avx2x4   gen() 13253 MB/s
[    7.672153] raid6: using algorithm avx2x4 gen() 13253 MB/s
[    7.673899] raid6: using avx2x2 recovery algorithm
[    7.677246] xor: automatically using best checksumming function:
[    7.717468]    avx       : 13968.000 MB/sec
[    7.730553] async_tx: api initialized (async)
[    7.751413] md: raid6 personality registered for level 6
[    7.756190] md: raid5 personality registered for level 5
[    7.769420] md: raid4 personality registered for level 4
[    7.781580] md: raid10 personality registered for level 10
done.
Begin: Running /scripts/init-premount ... done.
Begin: Mounting root file system ... Begin: Running /scripts/local-top ... done.
Begin: Running /scripts/local-premount ... [    7.843146] Btrfs loaded
Scanning for Btrfs filesystems
done.
Warning: fsck not present, so skipping root file system
[    7.923768] EXT4-fs (sda1): mounted filesystem with ordered data mode. Opts: (null)
done.
Begin: Running /scripts/local-bottom ... done.
Begin: Running /scripts/init-bottom ... done.
[    8.668763] systemd[1]: systemd 229 running in system mode. (+PAM +AUDIT +SELINUX +IMA +APPARMOR +SMACK +SYSVINIT +UTMP +LIBCRYPTSETUP +GCRYPT +GNUTLS +ACL +XZ -LZ4 +SECCOMP +BLKID +ELFUTILS +KMOD -IDN)
[    8.697392] systemd[1]: Detected virtualization oracle.
[    8.710564] systemd[1]: Detected architecture x86-64.

Welcome to [1mUbuntu 16.04.6 LTS[0m!

[    8.744045] systemd[1]: Set hostname to <ubuntu>.
[    8.785425] systemd[1]: Initializing machine ID from random generator.
[    8.796679] systemd[1]: Installed transient /etc/machine-id file.
[    9.338967] random: nonblocking pool is initialized
[    9.675966] systemd[1]: Listening on Journal Socket (/dev/log).
[[0;32m  OK  [0m] Listening on Journal Socket (/dev/log).
[    9.719816] systemd[1]: Reached target User and Group Name Lookups.
[[0;32m  OK  [0m] Reached target User and Group Name Lookups.
[    9.771523] systemd[1]: Listening on Journal Socket.
[[0;32m  OK  [0m] Listening on Journal Socket.
[    9.786287] systemd[1]: Started Forward Password Requests to Wall Directory Watch.
[[0;32m  OK  [0m] Started Forward Password Requests to Wall Directory Watch.
[    9.864680] systemd[1]: Reached target Encrypted Volumes.
[[0;32m  OK  [0m] Reached target Encrypted Volumes.
[    9.869528] systemd[1]: Listening on udev Kernel Socket.
[[0;32m  OK  [0m] Listening on udev Kernel Socket.
[    9.876699] systemd[1]: Listening on Syslog Socket.
[[0;32m  OK  [0m] Listening on Syslog Socket.
[    9.882013] systemd[1]: Reached target Swap.
[[0;32m  OK  [0m] Reached target Swap.
[    9.886283] systemd[1]: Listening on LVM2 poll daemon socket.
[[0;32m  OK  [0m] Listening on LVM2 poll daemon socket.
[    9.915082] systemd[1]: Listening on Journal Audit Socket.
[[0;32m  OK  [0m] Listening on Journal Audit Socket.
[    9.941941] systemd[1]: Listening on udev Control Socket.
[[0;32m  OK  [0m] Listening on udev Control Socket.
[    9.957367] systemd[1]: Started Trigger resolvconf update for networkd DNS.
[[0;32m  OK  [0m] Started Trigger resolvconf update for networkd DNS.
[    9.970276] systemd[1]: Created slice System Slice.
[[0;32m  OK  [0m] Created slice System Slice.
[    9.990181] systemd[1]: Starting Create list of required static device nodes for the current kernel...
         Starting Create list of required st... nodes for the current kernel...
[   10.051225] systemd[1]: Created slice system-serial\x2dgetty.slice.
[[0;32m  OK  [0m] Created slice system-serial\x2dgetty.slice.
[   10.073807] systemd[1]: Starting Remount Root and Kernel File Systems...
         Starting Remount Root and Kernel File Systems...
[   10.098030] systemd[1]: Mounting Debug File System...
[   10.111259] EXT4-fs (sda1): re-mounted. Opts: (null)
         Mounting Debug File System...
[   10.133704] systemd[1]: Mounting Huge Pages File System...
         Mounting Huge Pages File System...
[   10.153303] systemd[1]: Starting Uncomplicated firewall...
         Starting Uncomplicated firewall...
[   10.171884] systemd[1]: Created slice User and Session Slice.
[[0;32m  OK  [0m] Created slice User and Session Slice.
[   10.176131] systemd[1]: Reached target Slices.
[[0;32m  OK  [0m] Reached target Slices.
[   10.222029] systemd[1]: Starting Load Kernel Modules...
         Starting Load Kernel Modules...
[   10.240258] systemd[1]: Starting Journal Service...
         Starting Journal Service...
[   10.245366] systemd[1]: Listening on /dev/initctl Compatibility Named Pipe.
[[0;32m  OK  [0m] Listening on /dev/initctl Compatibility Named Pipe.
[   10.261848] systemd[1]: Reached target System Time Synchronized.
[[0;32m  OK  [0m] Reached target System Time Synchronized.
[   10.285881] systemd[1]: Mounting POSIX Message Queue File System...
         Mounting POSIX Message Queue File System...
[   10.316518] systemd[1]: Set up automount Arbitrary Executable File Formats File System Automount Point.
[   10.354047] Loading iSCSI transport class v2.0-870.
[[0;32m  OK  [0m] Set up automount Arbitrary Executab...ats File System Automount Point.
[   10.403412] iscsi: registered transport (tcp)
[   10.421819] systemd[1]: Starting Nameserver information manager...
         Starting Nameserver information manager...
[   10.438636] systemd[1]: Listening on Device-mapper event daemon FIFOs.
[[0;32m  OK  [0m] Listening on Device-mapper event daemon FIFOs.
[   10.450870] systemd[1]: Starting Set console keymap...
         Starting Set console keymap...
[   10.462959] systemd[1]: Listening on LVM2 metadata daemon socket.
[[0;32m  OK  [0m] Listening on LVM2 metadata daemon socket.
[   10.492910] systemd[1]: Starting Monitoring of LVM2 mirrors, snapshots etc. using dmeventd or progress polling...
         Starting Monitoring of LVM2 mirrors... dmeventd or progress polling...
[   10.520651] systemd[1]: Mounted POSIX Message Queue File System.
[[0;32m  OK  [0m] Mounted POSIX Message Queue File System.
[   10.541772] systemd[1]: Mounted Debug File System.
[[0;32m  OK  [0m] Mounted Debug File System.
[   10.553852] systemd[1]: Mounted Huge Pages File System.
[[0;32m  OK  [0m] Mounted Huge Pages File System.
[   10.566612] systemd[1]: Started Journal Service.
[[0;32m  OK  [0m] Started Journal Service.
[[0;32m  OK  [0m] Started Create list of required sta...ce nodes for the current kernel.
[[0;32m  OK  [0m] Started Remount Root and Kernel File Systems.
[[0;32m  OK  [0m] Started Uncomplicated firewall.
[[0;32m  OK  [0m] Started Set c[   10.631564] iscsi: registered transport (iser)
onsole keymap.
[[0;32m  OK  [0m] Started Load Kernel Modules.
[[0;32m  OK  [0m] Started Nameserver information manager.
[[0;32m  OK  [0m] Started LVM2 metadata daemon.
         Mounting FUSE Control File System...
         Starting Apply Kernel Variables...
         Starting Load/Save Random Seed...
         Starting udev Coldplug all Devices...
         Starting Create Static Device Nodes in /dev...
         Starting Flush Journal to Persistent Storage...
[[0;32m  OK  [0m] Mounted FUSE Control File System.
[[0;32m  OK  [0m] Started Apply Kernel Variables.
[[0;32m  OK  [0m] Started Load/Save Random Seed.
[[0;32m  OK  [0m] Started Flush Journal to Persistent Storage.
[[0;32m  OK  [0m] Started udev Coldplug all Devices.
[[0;32m  OK  [0m] Started Create Static Device Nodes in /dev.
         Starting udev Kernel Device Manager...
[[0;32m  OK  [0m] Started Monitoring of LVM2 mirrors,...ng dmeventd or progress polling.
[[0;32m  OK  [0m] Reached target Local File Systems (Pre).
[[0;32m  OK  [0m] Reached target Local File Systems.
         Starting Commit a transient machine-id on disk...
         Starting Tell Plymouth To Write Out Runtime Data...
         Starting Initial cloud-init job (pre-networking)...
         Starting Create Volatile Files and Directories...
         Starting LSB: AppArmor initialization...
         Starting Set console font and keymap...
[[0;32m  OK  [0m] Started udev Kernel Device Manager.
[[0;32m  OK  [0m] Started Commit a transient machine-id on disk.
[[0;32m  OK  [0m] Started Tell Plymouth To Write Out Runtime Data.
[[0;32m  OK  [0m] Started Create Volatile Files and Directories.
[[0;32m  OK  [0m] Found device /dev/ttyS0.
         Starting Update UTMP about System Boot/Shutdown...
[[0;32m  OK  [0m] Started Dispatch Password Requests to Console Directory Watch.
[[0;32m  OK  [0m] Listening on Load/Save RF Kill Switch Status /dev/rfkill Watch.
[[0;32m  OK  [0m] Started Update UTMP about System Boot/Shutdown.
[[0;32m  OK  [0m] Started Set console font and keymap.
[[0;32m  OK  [0m] Created slice system-getty.slice.
[[0;32m  OK  [0m] Started LSB: AppArmor initialization.
[   16.179631] cloud-init[485]: Cloud-init v. 18.5-45-g3554ffe8-0ubuntu1~16.04.1 running 'init-local' at Wed, 17 Apr 2019 17:08:01 +0000. Up 15.43 seconds.
[[0;32m  OK  [0m] Started Initial cloud-init job (pre-networking).
[[0;32m  OK  [0m] Reached target Network (Pre).
         Starting Raise network interfaces...
[[0;32m  OK  [0m] Started Raise network interfaces.
[[0;32m  OK  [0m] Reached target Network.
         Starting Initial cloud-init job (metadata service crawler)...
[   19.604727] cloud-init[948]: Cloud-init v. 18.5-45-g3554ffe8-0ubuntu1~16.04.1 running 'init' at Wed, 17 Apr 2019 17:08:02 +0000. Up 17.23 seconds.
[   19.641857] cloud-init[948]: ci-info: ++++++++++++++++++++++++++++++++++++++Net device info+++++++++++++++++++++++++++++++++++++++
[   19.647284] cloud-init[948]: ci-info: +--------+-------+----------------------------+---------------+--------+-------------------+
[   19.651564] cloud-init[948]: ci-info: | Device |   Up  |          Address           |      Mask     | Scope  |     Hw-Address    |
[   19.695040] cloud-init[948]: ci-info: +--------+-------+----------------------------+---------------+--------+-------------------+
[   19.740734] [[0;32m  OK  [0m] Started Initial cloud-init job (metadata service crawler).
cloud-init[948]: ci-info: | enp0s3 |  True |         10.0.2.15          | 255.255.255.0 | global | 02:30:52:25:60:69 |
[   19.760417] [[0;32m  OK  [0m] Reached target Cloud-config availability.
[[0;32m  OK  [0m] Reached target System Initialization.
[[0;32m  OK  [0m] Listening on UUID daemon activation socket.
[[0;32m  OK  [0m] Started Daily Cleanup of Temporary Directories.
[[0;32m  OK  [0m] Listening on D-Bus System Message Bus Socket.
cloud-init[948]: ci-info: | enp0s3 |  True | fe80::30:52ff:fe25:6069/64 |       .       |  link  | 02:30:52:25:60:69 |
[[0;32m  OK  [0m] Started ACPI Events Check.
[[0;32m  OK  [0m] Reached target Paths.
[   19.823164] cloud-init[948]: ci-info: | enp0s8 | False |             .              |       .       |   .    | 08:00:27:29:94:19 |
         Starting Socket activation for snappy daemon.
[   19.872027] cloud-init[948]: ci-info: |   lo   |  True |         127.0.0.1          |   255.0.0.0   |  host  |         .         |
[   19.980932] cloud-init[948]: ci-info: |   lo   |  True |          ::1/128           |       .       |  host  |         .         |
[   20.023257] cloud-init[948]: ci-info: +--------+-------+----------------------------+---------------+--------+-------------------+
         Starting LXD - unix socket.
[[0;32m  OK  [0m] Started Daily apt download activities.
[[0;32m  OK  [0m] Listening on ACPID Listen Socket.
[   20.024455] cloud-init[948]: ci-info: +++++++++++++++++++++++++++Route IPv4 info++++++++++++++++++++++++++++
[   20.102087] cloud-init[948]: ci-info: +-------+-------------+----------+---------------+-----------+-------+
[[0;32m  OK  [0m] Started Daily apt upgrade and clean activities.
[   20.110083] [cloud-init[0;32m  OK  [0m[948]: ] ci-info: | Route | Destination | Gateway  |    Genmask    | Interface | Flags |Reached target Timers.

[   20.138610] [[0;32m  OK  [0m] Reached target Network is Online.
cloud-init[948]: ci-info: +-------+-------------+----------+---------------+-----------+-------+
[   20.143138] cloud-init[948]: ci-info: |   0   |   0.0.0.0   | 10.0.2.2 |    0.0.0.0    |   enp0s3  |   UG  |
[   20.150512] cloud-init[948]: ci-info: |   1   |   10.0.2.0  | 0.0.0.0  | 255.255.255.0 |   enp0s3  |   U   |
[   20.164592] cloud-init[948]: ci-info: +-------+-------------+----------+---------------+-----------+-------+
[   20.196251] cloud-init[948]: ci-info: +++++++++++++++++++Route IPv6 info+++++++++++++++++++
[   20.196439] cloud-init[948]: ci-info: +-------+-------------+---------+-----------+-------+
[   20.197682] cloud-init[948]: ci-info: | Route | Destination | Gateway | Interface | Flags |
[   20.197818] cloud-init[948]: ci-info: +-------+-------------+---------+-----------+-------+
[   20.197950] cloud-init[948]: ci-info: |   0   |  fe80::/64  |    ::   |   enp0s3  |   U   |
[   20.198400] cloud-init[948]: ci-info: |   3   |   ff00::/8  |    ::   |   enp0s3  |   U   |
[   20.198474] cloud-init[948]: ci-info: +-------+-------------+---------+-----------+-------+
[   20.198534] cloud-init[948]: Generating public/private rsa key pair.
[   20.198595] cloud-init[948]: Your identification has been saved in /etc/ssh/ssh_host_rsa_key.
[   20.198654] cloud-init[948]: Your public key has been saved in /etc/ssh/ssh_host_rsa_key.pub.
[   20.198738] cloud-init[948]: The key fingerprint is:
[   20.198828] cloud-init[948]: SHA256:QdMwz2RxCqJrN3wrDQrjcU6ZX+iahBlRv+sN2EMLaaM root@ubuntu-xenial
[   20.198891] cloud-init[948]: The key's randomart image is:
[   20.198951] cloud-init[948]: +---[RSA 2048]----+
[   20.199010] cloud-init[948]: |    . . *o+..    |
[   20.199067] cloud-init[948]: |   . o o O.o     |
[   20.199126] cloud-init[948]: |  . . . . +      |
[   20.199184] cloud-init[948]: |   . * o .       |
[   20.199241] cloud-init[948]: |  = % O S        |
[   20.199299] cloud-init[948]: | . # @ O .       |
[   20.199357] cloud-init[948]: |  E = X o        |
[   20.199416] cloud-init[948]: |   . + =         |
[   20.199477] cloud-init[948]: |    o . .        |
[   20.199535] cloud-init[948]: +----[SHA256]-----+
[   20.199594] cloud-init[948]: Generating public/private dsa key pair.
[   20.199652] cloud-init[948]: Your identification has been saved in /etc/ssh/ssh_host_dsa_key.
[   20.199712] cloud-init[948]: Your public key has been saved in /etc/ssh/ssh_host_dsa_key.pub.
[   20.199771] cloud-init[948]: The key fingerprint is:
[   20.199829] cloud-init[948]: SHA256:s43pDO5rvv4lng+PVVYk8FPoJBe8HNnq9GA+QBAodE8 root@ubuntu-xenial
[   20.199889] cloud-init[948]: The key's randomart image is:
[   20.199946] cloud-init[948]: +---[DSA 1024]----+
[   20.200007] cloud-init[948]: |   .. ..Eo.oo=o  |
[   20.200076] cloud-init[948]: |    ...o  o.B+.  |
[   20.200135] cloud-init[948]: |     .  .. *o+.  |
[   20.200195] cloud-init[948]: |          . Oo   |
[   20.200280] cloud-init[948]: |        S  *oo   |
[   20.200350] cloud-init[948]: |         * o+ .  |
[   20.200412] cloud-init[948]: |      . * +  .   |
[   20.200476] cloud-init[948]: |     ..= O       |
         Starting iSCSI initiator daemon (iscsid)...
[[0;32m  OK  [0m] Listening on Socket activation for snappy daemon.
[   20.200927] cloud-init[948]: |     =B+B.o      |
[   20.593943] cloud-init[948]: +----[SHA256]-----+
[[0;32m  OK  [0m] Listening on LXD - unix socket.
[   20.605851] cloud-init[948]: Generating public/private ecdsa key pair.
[   20.634116] cloud-init[948]: Your identification has been saved in /etc/ssh/ssh_host_ecdsa_key.
[   20.637630] cloud-init[948]: Your public key has been saved in /etc/ssh/ssh_host_ecdsa_key.pub.
[   20.643874] cloud-init[948]: The key fingerprint is:
[   20.657566] cloud-init[948]: SHA256:YMoF1hXMjLazcZkp803BQ5lmk7yueBPD+DS8KKZM5oE root@ubuntu-xenial
[   20.662288] cloud-init[948]: The key's randomart image is:
[[0;32m  OK  [0m] Reached target Sockets.
[   20.664853] [[0;32m  OK  [0m] Reached target Basic System.
cloud-init[948]: +---[ECDSA 256]---+
[   20.725400] cloud-init[948]: |    o. *o=.+     |
[   20.734803] cloud-init[948]: |   . .+ + %      |
[   20.735645] cloud-init[948]: |     .+. * =     |
[   20.736660] cloud-init[948]: |   . +*.= o      |
[   20.736964] cloud-init[948]: |    o  %S+       |
[[0;32m  OK  [0m] Started Deferred execution scheduler.
[   20.740354] cloud-init[948]: | .    o O o      |
[   20.764911] cloud-init[948]: |E +    = *       |
[   20.765453] cloud-init[948]: | = .o o *        |
[   20.765786] cloud-init[948]: |  +o . . .       |
[   20.766123] cloud-init[948]: +----[SHA256]-----+
[   20.766609] cloud-init[948]: Generating public/private ed25519 key pair.
[[0;32m  OK  [0m] Started D-Bus System Message Bus.
[   20.766708] cloud-init[948]: Your identification has been saved in /etc/ssh/ssh_host_ed25519_key.
[   20.883688] cloud-init[948]: Your public key has been saved in /etc/ssh/ssh_host_ed25519_key.pub.
[   20.908202] cloud-init[948]: The key fingerprint is:
[   20.909029] cloud-init[948]: SHA256:gzpGtbuyKEpu2dMUE201mw4dxwW5YEGfcEAFfkHXv2g root@ubuntu-xenial
[   20.911424] cloud-init[948]: The key's randomart image is:
[   20.911732] cloud-init[948]: +--[ED25519 256]--+
[   20.912519] cloud-init[948]: |      . +@BB+o.  |
[   20.912858] cloud-init[948]: |     . oooXo+  . |
[   20.913826] cloud-init[948]: |      +..=.+.   .|
[   20.913956] cloud-init[948]: |     + oo ..    .|
[   20.914304] cloud-init[948]: |    . = S.    . .|
[[0;32m  OK  [0m] Started FUSE filesystem for LXC.
[   20.914410] cloud-init[948]: |   . o . .   E . |
[   21.440978] cloud-init[948]: | .o * .     .    |
[   21.453597]          Starting /etc/rc.local Compatibility...
cloud-init[948]: |+o =.o .         |
[   21.465844] cloud-init[948]: |+o. oo.          |
[   21.466276] cloud-init[948]: +----[SHA256]-----+
[[0;32m  OK  [0m] Started ACPI event daemon.
         Starting Accounts Service...
         Starting System Logging Service...
         Starting Login Service...
         Starting Pollinate to seed the pseudo random number generator...
         Starting Snappy daemon...
[[0;32m  OK  [0m] Started Regular background program processing daemon.
         Starting LXD - container startup/shutdown...
         Starting Virtualbox guest utils...
         Starting LSB: MD monitoring daemon...
[[0;32m  OK  [0m] Started Unattended Upgrades Shutdown.
         Starting LSB: Record successful boot for GRUB...
[[0;32m  OK  [0m] Started iSCSI initiator daemon (iscsid).
[[0;32m  OK  [0m] Started /etc/rc.local Compatibility.
         Starting Login to default iSCSI targets...
[[0;32m  OK  [0m] Started Login Service.
[[0;32m  OK  [0m] Started LSB: MD monitoring daemon.
[[0;32m  OK  [0m] Started LSB: Record successful boot for GRUB.
[[0;32m  OK  [0m] Started System Logging Service.
[[0;32m  OK  [0m] Started Login to default iSCSI targets.
[[0;32m  OK  [0m] Reached target Remote File Systems (Pre).
[[0;32m  OK  [0m] Reached target Remote File Systems.
         Starting LSB: Set the CPU Frequency Scaling governor to "ondemand"...
         Starting Permit User Sessions...
         Starting LSB: automatic crash report generation...
         Starting LSB: daemon to balance interrupts for SMP systems...
[[0;32m  OK  [0m] Started LSB: Set the CPU Frequency Scaling governor to "ondemand".
[[0;32m  OK  [0m] Started Permit User Sessions.
         Starting Terminate Plymouth Boot Screen...
         Starting Hold until boot process finishes up...
[[0;32m  OK  [0m] Started Terminate Plymouth Boot Screen.
[[0;32m  OK  [0m] Started Hold until boot process finishes up.
[[0;32m  OK  [0m] Started Getty on tty1.
         Starting Set console scheme...
[[0;32m  OK  [0m] Started Serial Getty on ttyS0.
[[0;32m  OK  [0m] Reached target Login Prompts.
[[0;32m  OK  [0m] Started LSB: automatic crash report generation.
[[0;32m  OK  [0m] Started LSB: daemon to balance interrupts for SMP systems.
[[0;32m  OK  [0m] Started Virtualbox guest utils.
[[0;32m  OK  [0m] Started Set console scheme.
         Starting Authenticate and Authorize Users to Run Privileged Tasks...
[[0;32m  OK  [0m] Started Authenticate and Authorize Users to Run Privileged Tasks.
[[0;32m  OK  [0m] Started Accounts Service.
[[0;32m  OK  [0m] Started Pollinate to seed the pseudo random number generator.
         Starting OpenBSD Secure Shell server...
[[0;32m  OK  [0m] Started OpenBSD Secure Shell server.
[[0;32m  OK  [0m] Started LXD - container startup/shutdown.
[[0;32m  OK  [0m] Created slice User Slice of vagrant.
         Starting User Manager for UID 1000...
[[0;32m  OK  [0m] Started Snappy daemon.
[[0;32m  OK  [0m] Started Session 1 of user vagrant.
         Starting Wait until snapd is fully seeded...
[[0;32m  OK  [0m] Started User Manager for UID 1000.

Ubuntu 16.04.6 LTS ubuntu-xenial ttyS0

ubuntu-xenial login: [   28.921985] cloud-init[1354]: Generating locales (this might take a while)...
[   30.346806] cloud-init[1354]:   en_US.UTF-8... done
[   30.350014] cloud-init[1354]: Generation complete.
[   31.868536] cloud-init[1354]: Cloud-init v. 18.5-45-g3554ffe8-0ubuntu1~16.04.1 running 'modules:config' at Wed, 17 Apr 2019 17:08:14 +0000. Up 28.67 seconds.
ci-info: no authorized ssh keys fingerprints found for user ubuntu.
<14>Apr 17 17:08:18 ec2: 
<14>Apr 17 17:08:18 ec2: #############################################################
<14>Apr 17 17:08:18 ec2: -----BEGIN SSH HOST KEY FINGERPRINTS-----
<14>Apr 17 17:08:18 ec2: 1024 SHA256:s43pDO5rvv4lng+PVVYk8FPoJBe8HNnq9GA+QBAodE8 root@ubuntu-xenial (DSA)
<14>Apr 17 17:08:18 ec2: 256 SHA256:YMoF1hXMjLazcZkp803BQ5lmk7yueBPD+DS8KKZM5oE root@ubuntu-xenial (ECDSA)
<14>Apr 17 17:08:18 ec2: 256 SHA256:gzpGtbuyKEpu2dMUE201mw4dxwW5YEGfcEAFfkHXv2g root@ubuntu-xenial (ED25519)
<14>Apr 17 17:08:18 ec2: 2048 SHA256:QdMwz2RxCqJrN3wrDQrjcU6ZX+iahBlRv+sN2EMLaaM root@ubuntu-xenial (RSA)
<14>Apr 17 17:08:18 ec2: -----END SSH HOST KEY FINGERPRINTS-----
<14>Apr 17 17:08:18 ec2: #############################################################
-----BEGIN SSH HOST KEY KEYS-----
ecdsa-sha2-nistp256 AAAAE2VjZHNhLXNoYTItbmlzdHAyNTYAAAAIbmlzdHAyNTYAAABBBCnKMmymbq7jVflkWDRXJTkVPkl4UBu51UUFFaDVy5d/lzfqan+4yVj+swYwAzipxomM9PRM0WuzpWdcZoQ7qrA= root@ubuntu-xenial
ssh-ed25519 AAAAC3NzaC1lZDI1NTE5AAAAIKNB39BO1ZfFoi7n0kV6YwBcjQuwEYWz3GNy/d8SUc7w root@ubuntu-xenial
ssh-rsa AAAAB3NzaC1yc2EAAAADAQABAAABAQDBUlLcfcqd4IvNgGBoJn30yw4bx38mL0jxVLQbdpQ4FafEtlV6eyPEF+GzlIRdog6WiLymtTXk44WA+YnFtk6hQ8tkRLSUWFAUoE6GGWBTELyb4B40Wbsgs7MSHBw8PIp7pjOCAif1WUyMw9qncERudSE/+KM27nSvbFa4qbgt5Fs+d9Orau5za+hXGG2NmmSTtT5LaJ7a67JUIGqZQWweun159QNEWyFswEHMJTXu+Egof3V7yCOWf+dx5wa9Z9i+vaXMVn1Hl1tKUDnCv2Rh4IcArFfsqbhx0OZDwSOsZ24YiniuQ3zvj5NfjlY7Fljogp8sGw/YlGeJF2GSySpb root@ubuntu-xenial
-----END SSH HOST KEY KEYS-----
[   32.699136] cloud-init[1514]: Cloud-init v. 18.5-45-g3554ffe8-0ubuntu1~16.04.1 running 'modules:final' at Wed, 17 Apr 2019 17:08:18 +0000. Up 32.44 seconds.
[   32.699420] cloud-init[1514]: ci-info: no authorized ssh keys fingerprints found for user ubuntu.
[   32.699667] cloud-init[1514]: Cloud-init v. 18.5-45-g3554ffe8-0ubuntu1~16.04.1 finished at Wed, 17 Apr 2019 17:08:18 +0000. Datasource DataSourceNoCloud [seed=/dev/sdb][dsmode=net].  Up 32.68 seconds
